Determining if the pthread_create exist failed with the following output:
Change Dir: /home/haichuan/catkin_ws/kinematics_assignment_metapackage/kinematics_assignment/build/CMakeFiles/CMakeTmp

Run Build Command:"/usr/bin/make" "cmTC_4bd11/fast"
/usr/bin/make -f CMakeFiles/cmTC_4bd11.dir/build.make CMakeFiles/cmTC_4bd11.dir/build
make[1]: Entering directory '/home/haichuan/catkin_ws/kinematics_assignment_metapackage/kinematics_assignment/build/CMakeFiles/CMakeTmp'
Building C object CMakeFiles/cmTC_4bd11.dir/CheckSymbolExists.c.o
/usr/bin/cc    -o CMakeFiles/cmTC_4bd11.dir/CheckSymbolExists.c.o   -c /home/haichuan/catkin_ws/kinematics_assignment_metapackage/kinematics_assignment/build/CMakeFiles/CMakeTmp/CheckSymbolExists.c
Linking C executable cmTC_4bd11
/usr/bin/cmake -E cmake_link_script CMakeFiles/cmTC_4bd11.dir/link.txt --verbose=1
/usr/bin/cc      -rdynamic CMakeFiles/cmTC_4bd11.dir/CheckSymbolExists.c.o  -o cmTC_4bd11 
CMakeFiles/cmTC_4bd11.dir/CheckSymbolExists.c.o: In function `main':
CheckSymbolExists.c:(.text+0x1b): undefined reference to `pthread_create'
collect2: error: ld returned 1 exit status
CMakeFiles/cmTC_4bd11.dir/build.make:97: recipe for target 'cmTC_4bd11' failed
make[1]: *** [cmTC_4bd11] Error 1
make[1]: Leaving directory '/home/haichuan/catkin_ws/kinematics_assignment_metapackage/kinematics_assignment/build/CMakeFiles/CMakeTmp'
Makefile:126: recipe for target 'cmTC_4bd11/fast' failed
make: *** [cmTC_4bd11/fast] Error 2

File /home/haichuan/catkin_ws/kinematics_assignment_metapackage/kinematics_assignment/build/CMakeFiles/CMakeTmp/CheckSymbolExists.c:
/* */
#include <pthread.h>

int main(int argc, char** argv)
{
  (void)argv;
#ifndef pthread_create
  return ((int*)(&pthread_create))[argc];
#else
  (void)argc;
  return 0;
#endif
}

Determining if the function pthread_create exists in the pthreads failed with the following output:
Change Dir: /home/haichuan/catkin_ws/kinematics_assignment_metapackage/kinematics_assignment/build/CMakeFiles/CMakeTmp

Run Build Command:"/usr/bin/make" "cmTC_18530/fast"
/usr/bin/make -f CMakeFiles/cmTC_18530.dir/build.make CMakeFiles/cmTC_18530.dir/build
make[1]: Entering directory '/home/haichuan/catkin_ws/kinematics_assignment_metapackage/kinematics_assignment/build/CMakeFiles/CMakeTmp'
Building C object CMakeFiles/cmTC_18530.dir/CheckFunctionExists.c.o
/usr/bin/cc   -DCHECK_FUNCTION_EXISTS=pthread_create   -o CMakeFiles/cmTC_18530.dir/CheckFunctionExists.c.o   -c /usr/share/cmake-3.10/Modules/CheckFunctionExists.c
Linking C executable cmTC_18530
/usr/bin/cmake -E cmake_link_script CMakeFiles/cmTC_18530.dir/link.txt --verbose=1
/usr/bin/cc  -DCHECK_FUNCTION_EXISTS=pthread_create    -rdynamic CMakeFiles/cmTC_18530.dir/CheckFunctionExists.c.o  -o cmTC_18530 -lpthreads 
/usr/bin/x86_64-linux-gnu-ld: cannot find -lpthreads
collect2: error: ld returned 1 exit status
CMakeFiles/cmTC_18530.dir/build.make:97: recipe for target 'cmTC_18530' failed
make[1]: *** [cmTC_18530] Error 1
make[1]: Leaving directory '/home/haichuan/catkin_ws/kinematics_assignment_metapackage/kinematics_assignment/build/CMakeFiles/CMakeTmp'
Makefile:126: recipe for target 'cmTC_18530/fast' failed
make: *** [cmTC_18530/fast] Error 2


